Total weight of MST: 728
AA IO 1
AA QJ 1
AB VJ 1
AC AO 1
AC ZH 1
AD EK 1
AD PV 1
AD QY 1
AE UB 1
AF AI 1
AF AR 1
AF GM 1
AF IR 1
AF KV 1
AG ME 1
AG MP 1
AH BV 1
AH HZ 1
AI JF 1
AJ LX 1
AJ PY 1
AK MJ 1
AL JZ 1
AL XL 1
AM TE 1
AN AO 1
AN DH 1
AN HF 1
AN ML 1
AP DU 1
AP WW 1
AQ OT 1
AQ YK 1
AR KW 1
AS DR 1
AS TU 1
AT CY 1
AT VF 1
AU BZ 1
AV CQ 1
AV KG 1
AV LK 1
AW HP 1
AW UF 1
AX CN 1
AY PH 2
AZ DP 1
AZ TV 1
BA GA 1
BA IV 1
BB DE 1
BB JV 3
BB UZ 1
BB VV 1
BC CI 1
BC RU 1
BC VX 1
BD RU 1
BD SF 1
BE DO 1
BE JF 1
BF LM 1
BG NP 2
BH SV 2
BI HK 1
BI IR 1
BI RV 1
BI ZY 1
BJ EO 1
BJ NY 1
BK KA 1
BL LD 1
BL ZV 1
BM ZT 1
BN DJ 1
BO QA 1
BP CR 1
BP FT 1
BQ GX 2
BR UA 1
BR XI 1
BS QD 1
BS WF 1
BT HK 1
BU FY 1
BU SN 1
BU VK 1
BV EB 1
BV EO 1
BV ZM 1
BW HJ 1
BW SY 1
BX DV 1
BX FU 1
BX ZJ 1
BY ON 1
BZ NA 1
CA LM 1
CA PX 1
CA RP 1
CA XB 1
CB IN 1
CB VW 1
CB ZP 2
CC NJ 1
CC RA 1
CD VC 2
CD VE 1
CE EL 1
CE GP 1
CE KA 1
CE KC 1
CE SA 1
CE UX 1
CE VE 1
CE WL 1
CE ZE 1
CF WE 1
CG LY 1
CG NU 1
CG RX 1
CH IY 1
CH JM 1
CH ST 1
CI FN 1
CI PW 1
CJ VV 2
CK IV 1
CK IY 1
CK YU 1
CL GI 1
CM IS 2
CN GK 1
CO PU 2
CO TR 2
CO XT 1
CP VR 1
CP VT 1
CQ FI 1
CQ KF 1
CR JX 1
CR NL 1
CS KE 1
CS OM 1
CS XJ 1
CT EO 1
CT GE 1
CT ZH 1
CU GJ 1
CU VB 1
CV LS 1
CW XO 1
CX SR 1
CZ NE 1
CZ YD 1
CZ ZT 1
DA UC 2
DA YV 1
DB YQ 2
DC SD 1
DD HD 1
DD YO 1
DE NT 1
DF OH 2
DG SP 1
DG VS 1
DI EP 1
DI KA 1
DJ OX 1
DK WI 1
DL XD 2
DM EL 1
DN FO 1
DQ ZZ 1
DR OB 1
DS JD 1
DT UH 1
DV ME 1
DW RW 1
DW VB 1
DX EH 1
DX HE 1
DY HY 1
DY NL 1
DZ EB 1
DZ JC 1
EA EH 1
EA HV 1
EA KR 1
EA OQ 1
EB MJ 2
EB PD 1
EC KS 1
ED TY 1
ED YC 1
EE YZ 1
EF PO 2
EF RM 1
EG PY 1
EG QK 1
EH MY 1
EI OL 1
EJ QL 1
EK NN 1
EK SN 1
EL TQ 1
EL YI 1
EM LW 1
EM QJ 1
EM XY 1
EM ZZ 1
EN IA 3
EN MU 1
EN QA 1
EN RH 1
EO GW 1
EO RL 1
EO WT 1
EP IL 1
EP MW 1
EP TK 1
EP ZG 1
EQ LP 1
EQ MR 1
ER HE 1
ER LR 1
ER TI 1
ER TP 2
ES KB 1
ES LX 1
ES QC 1
ES SN 1
ET GK 1
ET XZ 1
EU FC 1
EU NH 1
EU SL 1
EU WO 1
EV IH 1
EV RS 1
EV TS 1
EW PG 1
EW TS 1
EX FD 1
EX TJ 2
EX WX 2
EY QJ 2
EZ QL 1
FA MG 1
FA YX 1
FA ZI 1
FA ZV 1
FB FV 1
FB IO 1
FD RA 1
FD VK 1
FD VU 1
FE FR 1
FE IE 1
FF KS 1
FF UP 1
FG OK 1
FH XO 1
FH YB 1
FJ JH 1
FJ OJ 1
FJ TD 1
FK IV 1
FK NH 1
FK VL 1
FL GH 1
FL GV 1
FL SN 1
FM QZ 1
FM YW 1
FN JJ 1
FO HT 1
FO SG 1
FO VZ 1
FO WZ 1
FP QP 2
FQ II 1
FR IP 1
FS HR 1
FW QP 1
FW SN 1
FW UZ 1
FW YN 1
FX WM 1
FY NI 1
FY RI 1
FZ HW 1
GB KL 1
GB TK 1
GC JU 1
GC KX 2
GC LK 1
GC MI 1
GC UI 2
GD KJ 1
GD NF 1
GD NS 1
GD NU 1
GD RP 1
GF XR 2
GG KW 1
GG SW 1
GI ZH 1
GJ YB 1
GL SN 1
GN NZ 1
GN XR 1
GO GS 1
GO JA 1
GO SO 2
GO VJ 1
GO XA 1
GP NO 1
GP TD 1
GP WB 1
GQ TN 2
GR OJ 1
GT MC 1
GU PA 1
GU ZE 1
GV YG 1
GX LE 1
GX NR 1
GY KE 1
GZ PB 1
HA WI 1
HA ZJ 1
HB QB 1
HB ZJ 1
HC JG 1
HC KS 1
HC MR 1
HC SL 1
HD KW 1
HD QZ 1
HG YB 1
HH OY 1
HH SX 1
HI WI 1
HJ US 1
HK KP 1
HK OR 1
HK SS 1
HK TN 1
HL NV 1
HM PB 1
HN KT 2
HO MC 1
HQ WY 1
HR IG 2
HS UE 1
HU LV 1
HU UF 1
HU UO 1
HU WW 1
HW VU 1
HX MP 1
HX SK 1
HX VD 1
HZ LS 1
HZ OT 1
HZ PC 1
IB NG 1
IB WC 1
IC QD 2
ID PE 2
IF XQ 1
IG PQ 1
IG YE 1
II VO 1
IJ WZ 1
IJ YH 1
IK OC 1
IL MD 2
IM ZY 1
IP LN 1
IQ WZ 1
IR NC 1
IS LA 1
IS PL 1
IS YE 1
IT XQ 1
IU LU 1
IU PB 1
IU SA 1
IV JD 1
IV UH 1
IW XB 1
IX UY 1
IX VF 1
IZ JA 1
JA WK 1
JB VG 1
JC KO 1
JD OO 1
JE SL 1
JF RO 1
JI QQ 1
JI QT 1
JK QG 1
JL LX 2
JL QI 1
JM QG 1
JN UR 1
JO QW 1
JP OT 2
JQ TM 1
JQ XL 1
JR RQ 1
JR VQ 1
JS LN 1
JS ZN 1
JT RK 1
JW WE 1
JX RE 1
JY VA 1
JZ WP 1
KD TI 1
KE QM 1
KG PC 1
KG RM 1
KG SR 1
KH QX 1
KH RJ 1
KH XS 1
KI NV 1
KI SF 1
KI WW 1
KJ SV 1
KJ TA 1
KJ WQ 1
KJ YQ 1
KK PG 1
KL KM 1
KN QA 1
KO OE 1
KQ QO 1
KS SH 1
KT NE 1
KT NP 1
KT OF 1
KT OH 1
KT XK 1
KU NV 1
KU QD 1
KW XT 1
KY LQ 1
KY XA 1
KY ZM 1
KZ WB 1
LB OK 1
LC UA 1
LC UT 2
LD SD 1
LD WS 1
LE XK 1
LF SG 1
LG MN 1
LH TD 1
LI MR 1
LI OX 1
LI XL 1
LI XZ 1
LJ OG 1
LK LL 1
LM PN 2
LN VR 1
LN YZ 1
LO ME 1
LO SV 1
LO YF 1
LP MN 1
LP SY 1
LP XC 1
LS WV 1
LT YH 2
LV PK 1
LW UJ 1
LW UL 1
LX NA 1
LX QV 1
LX SB 1
LX XF 1
LZ PZ 1
LZ QQ 1
MA YZ 1
MB NN 1
MC QO 1
MC SK 1
MF XB 1
MG RG 1
MH XW 1
MK VD 1
MM OD 1
MM XA 1
MN RT 1
MN TL 1
MN YR 1
MO XH 1
MO ZJ 1
MQ PV 1
MS VY 1
MT UW 1
MT ZE 1
MU XN 1
MV RK 1
MV XF 1
MX ZH 1
MZ WK 2
NB UJ 1
NC OA 1
NC QQ 1
ND UG 1
ND VS 1
NE NG 1
NE OT 1
NF UD 1
NG OC 1
NK NU 1
NL ZP 2
NM XE 1
NN TE 1
NQ RO 1
NV VE 1
NV YB 1
NW ZK 2
NX VP 1
NX ZG 1
NZ WW 1
OA QU 2
OA XG 1
OC PT 1
OF SE 1
OF TO 1
OF XJ 1
OF XY 1
OG YX 1
OI OZ 1
OI XN 1
OK QA 1
OL WY 1
OL YS 1
OM PH 1
ON SQ 2
ON TZ 1
ON ZG 1
OO VQ 1
OP VL 2
OS PA 1
OS UD 1
OT TB 1
OU RQ 1
OV WU 1
OW TW 1
PA XD 1
PB QS 1
PB ZO 1
PB ZQ 1
PE PM 1
PE RT 1
PF ZE 2
PG TX 1
PI TC 1
PI TG 1
PJ QN 1
PP VG 1
PP ZC 1
PQ RB 1
PQ XC 1
PR RE 1
PR SM 1
PR VN 1
PS QL 1
PS UH 1
PY VO 1
QE VH 1
QE XM 1
QF SI 1
QF XG 1
QF XP 1
QH RX 1
QN RB 1
QN UQ 1
QQ UP 1
QQ ZU 1
QR WJ 1
QW SG 1
QX YA 1
RC UR 1
RC YY 1
RD SN 2
RE WO 1
RF ZE 1
RI TV 1
RJ SX 1
RN WF 1
RR RY 1
RR YP 1
RZ XM 1
RZ XQ 1
SA YM 1
SB XV 1
SC VG 1
SF SZ 1
SJ XM 2
SR ZS 1
SU UO 1
SU VG 1
SV YP 1
TC XS 1
TD ZX 1
TF ZV 1
TH TI 1
TI ZN 1
TI ZW 1
TK WD 1
TS WJ 1
TS WZ 1
TT UB 1
TT WY 1
TU YQ 1
TW ZN 1
TX UU 1
TY UA 1
UB WA 1
UE VX 1
UF WR 1
UF YR 1
UG VE 1
UG XJ 1
UG YY 1
UH ZI 1
UJ UN 1
UK VK 1
UM UN 1
UR XU 1
UV YI 1
UW WH 1
VA YR 1
VF WT 1
VG XX 1
VI ZB 1
VJ ZL 1
VM VY 1
VM WB 1
VO ZK 1
VV XW 2
WE XX 1
WG ZM 1
WL WN 1
WM ZD 1
WU ZH 1
WZ XF 1
XC YS 1
XC YV 1
XC ZD 1
XE ZI 1
XG XQ 1
XI YR 1
XM XS 1
XN YF 1
XQ ZB 1
XV ZF 1
XV ZM 1
XY YT 2
XZ ZN 1
YB YL 1
YI YJ 3
YY ZR 1
ZA ZV 1
